2026-02-24 10:09:49 | INFO     | Sistema de Logging configurado com sucesso.
2026-02-24 10:09:50 | INFO     | TriggerManager inicializado como Singleton.
2026-02-24 10:10:03 | INFO     | Sistema de Logging configurado com sucesso.
2026-02-24 10:10:04 | INFO     | TriggerManager inicializado como Singleton.
2026-02-24 10:10:04 | INFO     | Iniciando o Boot do Bot...
2026-02-24 10:10:04 | INFO     | StorageService: Conectado ao bucket 'dragon-bot-bucket'.
2026-02-24 10:10:06 | INFO     | Bot pronto! 32 triggers e 2 fallbacks ativos.
2026-02-24 10:10:13 | INFO     | Desligando recursos...
2026-02-24 10:10:13 | INFO     | Sistema de Logging configurado com sucesso.
2026-02-24 10:10:14 | INFO     | TriggerManager inicializado como Singleton.
2026-02-24 10:10:14 | INFO     | Iniciando o Boot do Bot...
2026-02-24 10:10:14 | INFO     | StorageService: Conectado ao bucket 'dragon-bot-bucket'.
2026-02-24 10:10:16 | INFO     | Bot pronto! 32 triggers e 2 fallbacks ativos.
2026-02-24 10:29:37 | INFO     | Sistema de Logging configurado com sucesso.
2026-02-24 10:29:39 | INFO     | TriggerManager inicializado como Singleton.
2026-02-24 10:29:40 | INFO     | Iniciando o Boot do Bot...
2026-02-24 10:29:41 | INFO     | StorageService: Conectado ao bucket 'dragon-bot-bucket'.
2026-02-24 10:29:43 | INFO     | Bot pronto! 32 triggers e 2 fallbacks ativos.
2026-02-24 10:29:46 | INFO     | Desligando recursos...
2026-02-24 10:29:47 | INFO     | Sistema de Logging configurado com sucesso.
2026-02-24 10:29:47 | INFO     | TriggerManager inicializado como Singleton.
2026-02-24 10:29:47 | INFO     | Iniciando o Boot do Bot...
2026-02-24 10:29:48 | INFO     | StorageService: Conectado ao bucket 'dragon-bot-bucket'.
2026-02-24 10:29:49 | INFO     | Bot pronto! 32 triggers e 2 fallbacks ativos.
2026-02-24 10:29:58 | INFO     | Desligando recursos...
2026-02-24 10:29:58 | INFO     | Sistema de Logging configurado com sucesso.
2026-02-24 10:29:59 | INFO     | TriggerManager inicializado como Singleton.
2026-02-24 10:29:59 | INFO     | Iniciando o Boot do Bot...
2026-02-24 10:29:59 | INFO     | StorageService: Conectado ao bucket 'dragon-bot-bucket'.
2026-02-24 10:30:01 | INFO     | Bot pronto! 32 triggers e 2 fallbacks ativos.
2026-02-24 10:30:40 | INFO     | Desligando recursos...
2026-02-24 10:30:41 | INFO     | Sistema de Logging configurado com sucesso.
2026-02-24 10:30:41 | INFO     | TriggerManager inicializado como Singleton.
2026-02-24 10:30:41 | INFO     | Iniciando o Boot do Bot...
2026-02-24 10:30:41 | INFO     | Desligando recursos...
2026-02-24 10:30:47 | INFO     | Sistema de Logging configurado com sucesso.
2026-02-24 10:30:48 | INFO     | TriggerManager inicializado como Singleton.
2026-02-24 10:30:48 | INFO     | Iniciando o Boot do Bot...
2026-02-24 10:30:49 | INFO     | StorageService: Conectado ao bucket 'dragon-bot-bucket'.
2026-02-24 10:30:50 | INFO     | Bot pronto! 32 triggers e 2 fallbacks ativos.
2026-02-24 10:31:29 | INFO     | Desligando recursos...
2026-02-24 10:31:30 | INFO     | Sistema de Logging configurado com sucesso.
2026-02-24 10:31:30 | INFO     | TriggerManager inicializado como Singleton.
2026-02-24 10:31:30 | INFO     | Iniciando o Boot do Bot...
2026-02-24 10:31:31 | INFO     | StorageService: Conectado ao bucket 'dragon-bot-bucket'.
2026-02-24 10:31:33 | INFO     | Bot pronto! 32 triggers e 2 fallbacks ativos.
2026-02-24 10:31:33 | INFO     | Desligando recursos...
2026-02-24 10:31:33 | INFO     | Sistema de Logging configurado com sucesso.
2026-02-24 10:31:34 | INFO     | TriggerManager inicializado como Singleton.
2026-02-24 10:31:34 | INFO     | Iniciando o Boot do Bot...
2026-02-24 10:31:34 | INFO     | StorageService: Conectado ao bucket 'dragon-bot-bucket'.
2026-02-24 10:31:36 | INFO     | Bot pronto! 32 triggers e 2 fallbacks ativos.
2026-02-24 10:31:39 | INFO     | Desligando recursos...
2026-02-24 10:31:40 | INFO     | Sistema de Logging configurado com sucesso.
2026-02-24 10:31:40 | INFO     | TriggerManager inicializado como Singleton.
2026-02-24 10:31:41 | INFO     | Iniciando o Boot do Bot...
2026-02-24 10:31:41 | INFO     | StorageService: Conectado ao bucket 'dragon-bot-bucket'.
2026-02-24 10:31:43 | INFO     | Bot pronto! 32 triggers e 2 fallbacks ativos.
2026-02-24 10:31:47 | INFO     | Desligando recursos...
2026-02-24 10:31:47 | INFO     | Sistema de Logging configurado com sucesso.
2026-02-24 10:31:48 | INFO     | TriggerManager inicializado como Singleton.
2026-02-24 10:31:48 | INFO     | Iniciando o Boot do Bot...
2026-02-24 10:31:48 | INFO     | StorageService: Conectado ao bucket 'dragon-bot-bucket'.
2026-02-24 10:31:50 | INFO     | Bot pronto! 32 triggers e 2 fallbacks ativos.
2026-02-24 10:31:56 | INFO     | Desligando recursos...
2026-02-24 10:31:56 | INFO     | Sistema de Logging configurado com sucesso.
2026-02-24 10:31:57 | INFO     | TriggerManager inicializado como Singleton.
2026-02-24 10:31:57 | INFO     | Iniciando o Boot do Bot...
2026-02-24 10:31:57 | INFO     | StorageService: Conectado ao bucket 'dragon-bot-bucket'.
2026-02-24 10:31:59 | INFO     | Bot pronto! 32 triggers e 2 fallbacks ativos.
2026-02-24 10:32:06 | INFO     | Desligando recursos...
2026-02-24 10:32:06 | INFO     | Sistema de Logging configurado com sucesso.
2026-02-24 10:32:06 | INFO     | TriggerManager inicializado como Singleton.
2026-02-24 10:32:07 | INFO     | Iniciando o Boot do Bot...
2026-02-24 10:32:07 | INFO     | StorageService: Conectado ao bucket 'dragon-bot-bucket'.
2026-02-24 10:32:09 | INFO     | Bot pronto! 32 triggers e 2 fallbacks ativos.
2026-02-24 10:32:30 | INFO     | Desligando recursos...
2026-02-24 10:32:30 | INFO     | Sistema de Logging configurado com sucesso.
2026-02-24 10:32:31 | INFO     | TriggerManager inicializado como Singleton.
2026-02-24 10:32:31 | INFO     | Iniciando o Boot do Bot...
2026-02-24 10:32:31 | INFO     | StorageService: Conectado ao bucket 'dragon-bot-bucket'.
2026-02-24 10:32:33 | INFO     | Bot pronto! 32 triggers e 2 fallbacks ativos.
2026-02-24 10:33:26 | INFO     | Desligando recursos...
2026-02-24 10:33:27 | INFO     | Sistema de Logging configurado com sucesso.
2026-02-24 10:33:27 | INFO     | TriggerManager inicializado como Singleton.
2026-02-24 10:33:27 | INFO     | Iniciando o Boot do Bot...
2026-02-24 10:33:28 | INFO     | StorageService: Conectado ao bucket 'dragon-bot-bucket'.
2026-02-24 10:33:30 | INFO     | Bot pronto! 32 triggers e 2 fallbacks ativos.
2026-02-24 10:33:37 | INFO     | Desligando recursos...
2026-02-24 10:33:38 | INFO     | Sistema de Logging configurado com sucesso.
2026-02-24 10:33:38 | INFO     | TriggerManager inicializado como Singleton.
2026-02-24 10:33:38 | INFO     | Iniciando o Boot do Bot...
2026-02-24 10:33:39 | INFO     | StorageService: Conectado ao bucket 'dragon-bot-bucket'.
2026-02-24 10:33:41 | INFO     | Bot pronto! 32 triggers e 2 fallbacks ativos.
2026-02-24 10:50:19 | INFO     | Desligando recursos...
2026-02-24 10:50:20 | INFO     | Sistema de Logging configurado com sucesso.
2026-02-24 10:50:20 | INFO     | TriggerManager inicializado como Singleton.
2026-02-24 10:50:21 | INFO     | Iniciando o Boot do Bot...
2026-02-24 10:50:21 | INFO     | StorageService: Conectado ao bucket 'dragon-bot-bucket'.
2026-02-24 10:50:23 | INFO     | Bot pronto! 32 triggers e 2 fallbacks ativos.
2026-02-24 10:50:27 | INFO     | Desligando recursos...
2026-02-24 10:50:28 | INFO     | Sistema de Logging configurado com sucesso.
2026-02-24 10:50:28 | INFO     | TriggerManager inicializado como Singleton.
2026-02-24 10:50:29 | INFO     | Iniciando o Boot do Bot...
2026-02-24 10:50:29 | INFO     | StorageService: Conectado ao bucket 'dragon-bot-bucket'.
2026-02-24 10:50:31 | INFO     | Bot pronto! 32 triggers e 2 fallbacks ativos.
2026-02-24 10:55:47 | INFO     | Desligando recursos...
2026-02-24 10:55:47 | INFO     | Sistema de Logging configurado com sucesso.
2026-02-24 10:55:48 | INFO     | TriggerManager inicializado como Singleton.
2026-02-24 10:55:48 | INFO     | Iniciando o Boot do Bot...
2026-02-24 10:55:48 | INFO     | StorageService: Conectado ao bucket 'dragon-bot-bucket'.
2026-02-24 10:55:50 | INFO     | Bot pronto! 32 triggers e 2 fallbacks ativos.
2026-02-24 10:55:58 | INFO     | Desligando recursos...
2026-02-24 10:55:58 | INFO     | Sistema de Logging configurado com sucesso.
2026-02-24 10:55:59 | INFO     | TriggerManager inicializado como Singleton.
2026-02-24 10:55:59 | INFO     | Iniciando o Boot do Bot...
2026-02-24 10:55:59 | INFO     | StorageService: Conectado ao bucket 'dragon-bot-bucket'.
2026-02-24 10:56:01 | INFO     | Bot pronto! 32 triggers e 2 fallbacks ativos.
2026-02-24 10:57:32 | INFO     | Desligando recursos...
2026-02-24 10:57:32 | INFO     | Sistema de Logging configurado com sucesso.
2026-02-24 10:57:33 | INFO     | TriggerManager inicializado como Singleton.
2026-02-24 10:57:33 | INFO     | Iniciando o Boot do Bot...
2026-02-24 10:57:33 | INFO     | StorageService: Conectado ao bucket 'dragon-bot-bucket'.
2026-02-24 10:57:35 | INFO     | Bot pronto! 32 triggers e 2 fallbacks ativos.
2026-02-24 10:57:38 | INFO     | Desligando recursos...
2026-02-24 10:57:38 | INFO     | Sistema de Logging configurado com sucesso.
2026-02-24 10:57:39 | INFO     | TriggerManager inicializado como Singleton.
2026-02-24 10:57:39 | INFO     | Iniciando o Boot do Bot...
2026-02-24 10:57:40 | INFO     | StorageService: Conectado ao bucket 'dragon-bot-bucket'.
2026-02-24 10:57:42 | INFO     | Bot pronto! 32 triggers e 2 fallbacks ativos.
2026-02-24 10:57:55 | INFO     | Desligando recursos...
2026-02-24 10:57:55 | INFO     | Sistema de Logging configurado com sucesso.
2026-02-24 10:57:56 | INFO     | TriggerManager inicializado como Singleton.
2026-02-24 10:57:56 | INFO     | Iniciando o Boot do Bot...
2026-02-24 10:57:56 | INFO     | StorageService: Conectado ao bucket 'dragon-bot-bucket'.
2026-02-24 10:57:58 | INFO     | Bot pronto! 32 triggers e 2 fallbacks ativos.
2026-02-24 11:00:35 | INFO     | Desligando recursos...
2026-02-24 11:00:40 | INFO     | Sistema de Logging configurado com sucesso.
2026-02-24 11:00:41 | INFO     | TriggerManager inicializado como Singleton.
2026-02-24 11:00:41 | INFO     | Iniciando o Boot do Bot...
2026-02-24 11:00:41 | INFO     | StorageService: Conectado ao bucket 'dragon-bot-bucket'.
2026-02-24 11:00:43 | INFO     | Bot pronto! 32 triggers e 2 fallbacks ativos.
2026-02-24 11:00:43 | INFO     | Desligando recursos...
2026-02-24 11:01:04 | INFO     | Sistema de Logging configurado com sucesso.
2026-02-24 11:01:04 | INFO     | TriggerManager inicializado como Singleton.
2026-02-24 11:01:04 | INFO     | Iniciando o Boot do Bot...
2026-02-24 11:01:05 | INFO     | StorageService: Conectado ao bucket 'dragon-bot-bucket'.
2026-02-24 11:01:07 | INFO     | Bot pronto! 32 triggers e 2 fallbacks ativos.
2026-02-24 11:01:22 | INFO     | Desligando recursos...
2026-02-24 11:01:22 | INFO     | Sistema de Logging configurado com sucesso.
2026-02-24 11:01:23 | INFO     | TriggerManager inicializado como Singleton.
2026-02-24 11:01:23 | INFO     | Iniciando o Boot do Bot...
2026-02-24 11:01:23 | INFO     | StorageService: Conectado ao bucket 'dragon-bot-bucket'.
2026-02-24 11:01:25 | INFO     | Bot pronto! 32 triggers e 2 fallbacks ativos.
2026-02-24 11:15:23 | INFO     | Desligando recursos...
2026-02-24 11:15:25 | INFO     | Sistema de Logging configurado com sucesso.
2026-02-24 11:15:26 | INFO     | TriggerManager inicializado como Singleton.
2026-02-24 11:15:26 | INFO     | Iniciando o Boot do Bot...
2026-02-24 11:15:26 | INFO     | StorageService: Conectado ao bucket 'dragon-bot-bucket'.
2026-02-24 11:15:26 | INFO     | Bot pronto! 1 triggers e 0 fallbacks ativos.
2026-02-24 11:20:47 | INFO     | Desligando recursos...
2026-02-24 11:20:47 | INFO     | Sistema de Logging configurado com sucesso.
2026-02-24 11:20:47 | INFO     | TriggerManager inicializado como Singleton.
2026-02-24 11:20:48 | INFO     | Iniciando o Boot do Bot...
2026-02-24 11:20:48 | INFO     | StorageService: Conectado ao bucket 'dragon-bot-bucket'.
2026-02-24 11:20:48 | INFO     | Bot pronto! 1 triggers e 0 fallbacks ativos.
2026-02-24 11:21:14 | INFO     | Desligando recursos...
2026-02-24 11:21:15 | INFO     | Sistema de Logging configurado com sucesso.
2026-02-24 11:21:19 | INFO     | Sistema de Logging configurado com sucesso.
2026-02-24 11:21:19 | INFO     | TriggerManager inicializado como Singleton.
2026-02-24 11:21:20 | INFO     | Iniciando o Boot do Bot...
2026-02-24 11:21:20 | INFO     | StorageService: Conectado ao bucket 'dragon-bot-bucket'.
2026-02-24 11:21:20 | INFO     | Bot pronto! 1 triggers e 0 fallbacks ativos.
2026-02-24 11:21:51 | INFO     | Desligando recursos...
2026-02-24 11:21:51 | INFO     | Sistema de Logging configurado com sucesso.
2026-02-24 11:21:53 | INFO     | Sistema de Logging configurado com sucesso.
2026-02-24 11:21:54 | INFO     | TriggerManager inicializado como Singleton.
2026-02-24 11:21:54 | INFO     | Iniciando o Boot do Bot...
2026-02-24 11:21:54 | INFO     | StorageService: Conectado ao bucket 'dragon-bot-bucket'.
2026-02-24 11:21:54 | INFO     | Bot pronto! 1 triggers e 0 fallbacks ativos.
2026-02-24 11:21:55 | INFO     | Desligando recursos...
2026-02-24 11:21:56 | INFO     | Sistema de Logging configurado com sucesso.
2026-02-24 11:21:56 | INFO     | TriggerManager inicializado como Singleton.
2026-02-24 11:21:56 | INFO     | Iniciando o Boot do Bot...
2026-02-24 11:21:57 | INFO     | StorageService: Conectado ao bucket 'dragon-bot-bucket'.
2026-02-24 11:21:57 | INFO     | Bot pronto! 1 triggers e 0 fallbacks ativos.
2026-02-24 11:21:58 | INFO     | Desligando recursos...
2026-02-24 11:21:59 | INFO     | Sistema de Logging configurado com sucesso.
2026-02-24 11:21:59 | INFO     | TriggerManager inicializado como Singleton.
2026-02-24 11:22:00 | INFO     | Iniciando o Boot do Bot...
2026-02-24 11:22:00 | INFO     | StorageService: Conectado ao bucket 'dragon-bot-bucket'.
2026-02-24 11:22:00 | INFO     | Bot pronto! 1 triggers e 0 fallbacks ativos.
2026-02-24 11:22:00 | INFO     | Desligando recursos...
2026-02-24 11:22:01 | INFO     | Sistema de Logging configurado com sucesso.
2026-02-24 11:22:01 | INFO     | TriggerManager inicializado como Singleton.
2026-02-24 11:22:01 | INFO     | Iniciando o Boot do Bot...
2026-02-24 11:22:02 | INFO     | StorageService: Conectado ao bucket 'dragon-bot-bucket'.
2026-02-24 11:22:02 | INFO     | Bot pronto! 1 triggers e 0 fallbacks ativos.
2026-02-24 11:22:05 | INFO     | Desligando recursos...
2026-02-24 11:22:05 | INFO     | Sistema de Logging configurado com sucesso.
2026-02-24 11:22:05 | INFO     | TriggerManager inicializado como Singleton.
2026-02-24 11:22:06 | INFO     | Iniciando o Boot do Bot...
2026-02-24 11:22:06 | INFO     | StorageService: Conectado ao bucket 'dragon-bot-bucket'.
2026-02-24 11:22:06 | INFO     | Bot pronto! 1 triggers e 0 fallbacks ativos.
2026-02-24 11:22:08 | INFO     | Desligando recursos...
2026-02-24 11:22:08 | INFO     | Sistema de Logging configurado com sucesso.
2026-02-24 11:22:08 | INFO     | TriggerManager inicializado como Singleton.
2026-02-24 11:22:09 | INFO     | Iniciando o Boot do Bot...
2026-02-24 11:22:09 | INFO     | StorageService: Conectado ao bucket 'dragon-bot-bucket'.
2026-02-24 11:22:09 | INFO     | Bot pronto! 1 triggers e 0 fallbacks ativos.
2026-02-24 11:22:47 | INFO     | Desligando recursos...
2026-02-24 11:22:48 | INFO     | Sistema de Logging configurado com sucesso.
2026-02-24 11:23:25 | INFO     | Sistema de Logging configurado com sucesso.
2026-02-24 11:23:26 | INFO     | TriggerManager inicializado como Singleton.
2026-02-24 11:23:26 | INFO     | Iniciando o Boot do Bot...
2026-02-24 11:23:26 | INFO     | StorageService: Conectado ao bucket 'dragon-bot-bucket'.
2026-02-24 11:23:26 | INFO     | Bot pronto! 1 triggers e 0 fallbacks ativos.
2026-02-24 11:23:56 | INFO     | Desligando recursos...
2026-02-24 11:23:56 | INFO     | Sistema de Logging configurado com sucesso.
2026-02-24 11:23:57 | INFO     | TriggerManager inicializado como Singleton.
2026-02-24 11:23:57 | INFO     | Iniciando o Boot do Bot...
2026-02-24 11:23:57 | INFO     | StorageService: Conectado ao bucket 'dragon-bot-bucket'.
2026-02-24 11:23:57 | INFO     | Bot pronto! 1 triggers e 0 fallbacks ativos.
2026-02-24 11:25:39 | INFO     | Desligando recursos...
2026-02-24 11:25:39 | INFO     | Sistema de Logging configurado com sucesso.
2026-02-24 11:25:40 | INFO     | TriggerManager inicializado como Singleton.
2026-02-24 11:25:40 | INFO     | Iniciando o Boot do Bot...
2026-02-24 11:25:40 | INFO     | StorageService: Conectado ao bucket 'dragon-bot-bucket'.
2026-02-24 11:25:40 | INFO     | Bot pronto! 1 triggers e 0 fallbacks ativos.
2026-02-24 11:25:54 | INFO     | Desligando recursos...
2026-02-24 11:25:55 | INFO     | Sistema de Logging configurado com sucesso.
2026-02-24 11:26:12 | INFO     | Sistema de Logging configurado com sucesso.
2026-02-24 11:26:39 | INFO     | Sistema de Logging configurado com sucesso.
2026-02-24 11:26:41 | INFO     | Sistema de Logging configurado com sucesso.
2026-02-24 11:26:45 | INFO     | Sistema de Logging configurado com sucesso.
2026-02-24 11:26:46 | INFO     | TriggerManager inicializado como Singleton.
2026-02-24 11:26:46 | INFO     | Iniciando o Boot do Bot...
2026-02-24 11:26:46 | INFO     | StorageService: Conectado ao bucket 'dragon-bot-bucket'.
2026-02-24 11:26:46 | ERROR    | Erro ao criar trigger Pete: TriggerEvent.__init__() got an unexpected keyword argument 'link_preview'
2026-02-24 11:26:46 | INFO     | Bot pronto! 0 triggers e 0 fallbacks ativos.
2026-02-24 11:26:48 | INFO     | Desligando recursos...
2026-02-24 11:26:49 | INFO     | Sistema de Logging configurado com sucesso.
2026-02-24 11:26:49 | INFO     | TriggerManager inicializado como Singleton.
2026-02-24 11:26:49 | INFO     | Iniciando o Boot do Bot...
2026-02-24 11:26:50 | INFO     | StorageService: Conectado ao bucket 'dragon-bot-bucket'.
2026-02-24 11:26:50 | ERROR    | Erro ao criar trigger Pete: TriggerEvent.__init__() got an unexpected keyword argument 'link_preview'
2026-02-24 11:26:50 | INFO     | Bot pronto! 0 triggers e 0 fallbacks ativos.
2026-02-24 11:27:00 | INFO     | Desligando recursos...
2026-02-24 11:27:00 | INFO     | Sistema de Logging configurado com sucesso.
2026-02-24 11:27:00 | INFO     | TriggerManager inicializado como Singleton.
2026-02-24 11:27:01 | INFO     | Iniciando o Boot do Bot...
2026-02-24 11:27:01 | INFO     | StorageService: Conectado ao bucket 'dragon-bot-bucket'.
2026-02-24 11:27:01 | ERROR    | Erro ao criar trigger Pete: TriggerEvent.__init__() got an unexpected keyword argument 'link_preview'
2026-02-24 11:27:01 | INFO     | Bot pronto! 0 triggers e 0 fallbacks ativos.
2026-02-24 11:31:03 | INFO     | Desligando recursos...
2026-02-24 11:31:04 | INFO     | Sistema de Logging configurado com sucesso.
2026-02-24 11:31:04 | INFO     | TriggerManager inicializado como Singleton.
2026-02-24 11:31:04 | INFO     | Iniciando o Boot do Bot...
2026-02-24 11:31:05 | INFO     | StorageService: Conectado ao bucket 'dragon-bot-bucket'.
2026-02-24 11:31:05 | ERROR    | Erro ao criar trigger Pete: TriggerEvent.__init__() got an unexpected keyword argument 'link_preview'
2026-02-24 11:31:05 | INFO     | Bot pronto! 0 triggers e 0 fallbacks ativos.
2026-02-24 11:31:54 | INFO     | Desligando recursos...
2026-02-24 11:31:55 | INFO     | Sistema de Logging configurado com sucesso.
2026-02-24 11:31:55 | INFO     | TriggerManager inicializado como Singleton.
2026-02-24 11:31:55 | INFO     | Iniciando o Boot do Bot...
2026-02-24 11:31:56 | INFO     | StorageService: Conectado ao bucket 'dragon-bot-bucket'.
2026-02-24 11:31:56 | ERROR    | Erro ao criar trigger Pete: TriggerEvent.__init__() got an unexpected keyword argument 'link_preview'
2026-02-24 11:31:56 | INFO     | Bot pronto! 0 triggers e 0 fallbacks ativos.
2026-02-24 11:32:02 | INFO     | Desligando recursos...
2026-02-24 11:32:02 | INFO     | Sistema de Logging configurado com sucesso.
2026-02-24 11:32:03 | INFO     | TriggerManager inicializado como Singleton.
2026-02-24 11:32:03 | INFO     | Iniciando o Boot do Bot...
2026-02-24 11:32:03 | INFO     | StorageService: Conectado ao bucket 'dragon-bot-bucket'.
2026-02-24 11:32:03 | ERROR    | Erro ao criar trigger Pete: TriggerEvent.__init__() got an unexpected keyword argument 'link_preview'
2026-02-24 11:32:03 | INFO     | Bot pronto! 0 triggers e 0 fallbacks ativos.
2026-02-24 11:32:12 | INFO     | Desligando recursos...
2026-02-24 11:32:12 | INFO     | Sistema de Logging configurado com sucesso.
2026-02-24 11:32:13 | INFO     | TriggerManager inicializado como Singleton.
2026-02-24 11:32:13 | INFO     | Iniciando o Boot do Bot...
2026-02-24 11:32:13 | INFO     | StorageService: Conectado ao bucket 'dragon-bot-bucket'.
2026-02-24 11:32:13 | ERROR    | Erro ao criar trigger Pete: TriggerEvent.__init__() got an unexpected keyword argument 'link_preview'
2026-02-24 11:32:13 | INFO     | Bot pronto! 0 triggers e 0 fallbacks ativos.
2026-02-24 11:32:17 | INFO     | Desligando recursos...
2026-02-24 11:32:17 | INFO     | Sistema de Logging configurado com sucesso.
2026-02-24 11:32:18 | INFO     | TriggerManager inicializado como Singleton.
2026-02-24 11:32:18 | INFO     | Iniciando o Boot do Bot...
2026-02-24 11:32:18 | INFO     | StorageService: Conectado ao bucket 'dragon-bot-bucket'.
2026-02-24 11:32:18 | ERROR    | Erro ao criar trigger Pete: TriggerEvent.__init__() got an unexpected keyword argument 'link_preview'
2026-02-24 11:32:18 | INFO     | Bot pronto! 0 triggers e 0 fallbacks ativos.
2026-02-24 11:32:35 | INFO     | Desligando recursos...
2026-02-24 11:32:36 | INFO     | Sistema de Logging configurado com sucesso.
2026-02-24 11:32:36 | INFO     | TriggerManager inicializado como Singleton.
2026-02-24 11:32:37 | INFO     | Iniciando o Boot do Bot...
2026-02-24 11:32:37 | INFO     | StorageService: Conectado ao bucket 'dragon-bot-bucket'.
2026-02-24 11:32:37 | ERROR    | Erro ao criar trigger Pete: TriggerEvent.__init__() got an unexpected keyword argument 'link_preview'
2026-02-24 11:32:37 | INFO     | Bot pronto! 0 triggers e 0 fallbacks ativos.
2026-02-24 11:32:54 | INFO     | Desligando recursos...
2026-02-24 11:32:55 | INFO     | Sistema de Logging configurado com sucesso.
2026-02-24 11:32:55 | INFO     | TriggerManager inicializado como Singleton.
2026-02-24 11:32:56 | INFO     | Iniciando o Boot do Bot...
2026-02-24 11:32:56 | INFO     | StorageService: Conectado ao bucket 'dragon-bot-bucket'.
2026-02-24 11:32:56 | ERROR    | Erro ao criar trigger Pete: TriggerEvent.__init__() got an unexpected keyword argument 'link_preview'
2026-02-24 11:32:56 | INFO     | Bot pronto! 0 triggers e 0 fallbacks ativos.
2026-02-24 11:33:07 | INFO     | Desligando recursos...
2026-02-24 11:33:07 | INFO     | Sistema de Logging configurado com sucesso.
2026-02-24 11:33:08 | INFO     | TriggerManager inicializado como Singleton.
2026-02-24 11:33:08 | INFO     | Iniciando o Boot do Bot...
2026-02-24 11:33:08 | INFO     | StorageService: Conectado ao bucket 'dragon-bot-bucket'.
2026-02-24 11:33:08 | ERROR    | Erro ao criar trigger Pete: TriggerEvent.__init__() got an unexpected keyword argument 'link_preview'
2026-02-24 11:33:08 | INFO     | Bot pronto! 0 triggers e 0 fallbacks ativos.
2026-02-24 11:33:15 | INFO     | Desligando recursos...
2026-02-24 11:33:15 | INFO     | Sistema de Logging configurado com sucesso.
2026-02-24 11:33:16 | INFO     | TriggerManager inicializado como Singleton.
2026-02-24 11:33:16 | INFO     | Iniciando o Boot do Bot...
2026-02-24 11:33:16 | INFO     | StorageService: Conectado ao bucket 'dragon-bot-bucket'.
2026-02-24 11:33:16 | ERROR    | Erro ao criar trigger Pete: TriggerEvent.__init__() got an unexpected keyword argument 'link_preview'
2026-02-24 11:33:16 | INFO     | Bot pronto! 0 triggers e 0 fallbacks ativos.
2026-02-24 11:33:40 | INFO     | Desligando recursos...
2026-02-24 11:33:40 | INFO     | Sistema de Logging configurado com sucesso.
2026-02-24 11:33:40 | INFO     | TriggerManager inicializado como Singleton.
2026-02-24 11:33:41 | INFO     | Iniciando o Boot do Bot...
2026-02-24 11:33:41 | INFO     | StorageService: Conectado ao bucket 'dragon-bot-bucket'.
2026-02-24 11:33:41 | ERROR    | Erro ao criar trigger Pete: TriggerEvent.__init__() got an unexpected keyword argument 'link_preview'
2026-02-24 11:33:41 | INFO     | Bot pronto! 0 triggers e 0 fallbacks ativos.
2026-02-24 11:33:47 | INFO     | Desligando recursos...
2026-02-24 11:33:47 | INFO     | Sistema de Logging configurado com sucesso.
2026-02-24 11:33:48 | INFO     | TriggerManager inicializado como Singleton.
2026-02-24 11:33:48 | INFO     | Iniciando o Boot do Bot...
2026-02-24 11:33:48 | INFO     | StorageService: Conectado ao bucket 'dragon-bot-bucket'.
2026-02-24 11:33:48 | ERROR    | Erro ao criar trigger Pete: TriggerEvent.__init__() got an unexpected keyword argument 'link_preview'
2026-02-24 11:33:48 | INFO     | Bot pronto! 0 triggers e 0 fallbacks ativos.
2026-02-24 11:34:22 | INFO     | Desligando recursos...
2026-02-24 11:34:22 | INFO     | Sistema de Logging configurado com sucesso.
2026-02-24 11:34:23 | INFO     | TriggerManager inicializado como Singleton.
2026-02-24 11:34:23 | INFO     | Iniciando o Boot do Bot...
2026-02-24 11:34:23 | INFO     | StorageService: Conectado ao bucket 'dragon-bot-bucket'.
2026-02-24 11:34:23 | INFO     | Bot pronto! 1 triggers e 0 fallbacks ativos.
2026-02-24 11:34:31 | INFO     | Desligando recursos...
2026-02-24 11:34:32 | INFO     | Sistema de Logging configurado com sucesso.
2026-02-24 11:34:32 | INFO     | TriggerManager inicializado como Singleton.
2026-02-24 11:34:32 | INFO     | Iniciando o Boot do Bot...
2026-02-24 11:34:33 | INFO     | StorageService: Conectado ao bucket 'dragon-bot-bucket'.
2026-02-24 11:34:33 | INFO     | Bot pronto! 1 triggers e 0 fallbacks ativos.
2026-02-24 11:34:52 | INFO     | Desligando recursos...
2026-02-24 11:34:53 | INFO     | Sistema de Logging configurado com sucesso.
2026-02-24 11:34:53 | INFO     | TriggerManager inicializado como Singleton.
2026-02-24 11:34:54 | INFO     | Iniciando o Boot do Bot...
2026-02-24 11:34:54 | INFO     | StorageService: Conectado ao bucket 'dragon-bot-bucket'.
2026-02-24 11:34:54 | INFO     | Bot pronto! 1 triggers e 0 fallbacks ativos.
2026-02-24 11:35:09 | INFO     | Desligando recursos...
2026-02-24 11:35:09 | INFO     | Sistema de Logging configurado com sucesso.
2026-02-24 11:35:09 | INFO     | TriggerManager inicializado como Singleton.
2026-02-24 11:35:10 | INFO     | Iniciando o Boot do Bot...
2026-02-24 11:35:10 | INFO     | StorageService: Conectado ao bucket 'dragon-bot-bucket'.
2026-02-24 11:35:10 | INFO     | Bot pronto! 1 triggers e 0 fallbacks ativos.
2026-02-24 11:35:31 | INFO     | Desligando recursos...
2026-02-24 11:35:31 | INFO     | Sistema de Logging configurado com sucesso.
2026-02-24 11:35:32 | INFO     | TriggerManager inicializado como Singleton.
2026-02-24 11:35:32 | INFO     | Iniciando o Boot do Bot...
2026-02-24 11:35:32 | INFO     | StorageService: Conectado ao bucket 'dragon-bot-bucket'.
2026-02-24 11:35:32 | INFO     | Bot pronto! 1 triggers e 0 fallbacks ativos.
2026-02-24 11:35:50 | INFO     | Desligando recursos...
2026-02-24 11:35:50 | INFO     | Sistema de Logging configurado com sucesso.
2026-02-24 11:35:51 | INFO     | TriggerManager inicializado como Singleton.
2026-02-24 11:35:51 | INFO     | Iniciando o Boot do Bot...
2026-02-24 11:35:51 | INFO     | StorageService: Conectado ao bucket 'dragon-bot-bucket'.
2026-02-24 11:35:51 | INFO     | Bot pronto! 1 triggers e 0 fallbacks ativos.
2026-02-24 11:35:52 | INFO     | Desligando recursos...
2026-02-24 11:35:53 | INFO     | Sistema de Logging configurado com sucesso.
2026-02-24 11:35:53 | INFO     | TriggerManager inicializado como Singleton.
2026-02-24 11:35:53 | INFO     | Iniciando o Boot do Bot...
2026-02-24 11:35:54 | INFO     | StorageService: Conectado ao bucket 'dragon-bot-bucket'.
2026-02-24 11:35:54 | INFO     | Bot pronto! 1 triggers e 0 fallbacks ativos.
2026-02-24 11:36:05 | INFO     | Desligando recursos...
2026-02-24 11:36:05 | INFO     | Sistema de Logging configurado com sucesso.
2026-02-24 11:36:06 | INFO     | TriggerManager inicializado como Singleton.
2026-02-24 11:36:06 | INFO     | Iniciando o Boot do Bot...
2026-02-24 11:36:06 | INFO     | StorageService: Conectado ao bucket 'dragon-bot-bucket'.
2026-02-24 11:36:06 | INFO     | Bot pronto! 1 triggers e 0 fallbacks ativos.
2026-02-24 11:36:19 | INFO     | Desligando recursos...
2026-02-24 11:36:20 | INFO     | Sistema de Logging configurado com sucesso.
2026-02-24 11:36:20 | INFO     | TriggerManager inicializado como Singleton.
2026-02-24 11:36:21 | INFO     | Iniciando o Boot do Bot...
2026-02-24 11:36:21 | INFO     | StorageService: Conectado ao bucket 'dragon-bot-bucket'.
2026-02-24 11:36:21 | INFO     | Bot pronto! 1 triggers e 0 fallbacks ativos.
2026-02-24 11:36:30 | INFO     | Desligando recursos...
2026-02-24 11:36:30 | INFO     | Sistema de Logging configurado com sucesso.
2026-02-24 11:36:31 | INFO     | TriggerManager inicializado como Singleton.
2026-02-24 11:36:31 | INFO     | Iniciando o Boot do Bot...
2026-02-24 11:36:31 | INFO     | StorageService: Conectado ao bucket 'dragon-bot-bucket'.
2026-02-24 11:36:31 | INFO     | Bot pronto! 1 triggers e 0 fallbacks ativos.
2026-02-24 11:36:39 | INFO     | Desligando recursos...
2026-02-24 11:36:40 | INFO     | Sistema de Logging configurado com sucesso.
2026-02-24 11:36:40 | INFO     | TriggerManager inicializado como Singleton.
2026-02-24 11:36:40 | INFO     | Iniciando o Boot do Bot...
2026-02-24 11:36:41 | INFO     | StorageService: Conectado ao bucket 'dragon-bot-bucket'.
2026-02-24 11:36:41 | INFO     | Bot pronto! 1 triggers e 0 fallbacks ativos.
2026-02-24 11:36:46 | INFO     | Desligando recursos...
2026-02-24 11:36:47 | INFO     | Sistema de Logging configurado com sucesso.
2026-02-24 11:36:47 | INFO     | TriggerManager inicializado como Singleton.
2026-02-24 11:36:48 | INFO     | Iniciando o Boot do Bot...
2026-02-24 11:36:48 | INFO     | StorageService: Conectado ao bucket 'dragon-bot-bucket'.
2026-02-24 11:36:48 | INFO     | Bot pronto! 1 triggers e 0 fallbacks ativos.
2026-02-24 11:36:49 | INFO     | Desligando recursos...
2026-02-24 11:36:50 | INFO     | Sistema de Logging configurado com sucesso.
2026-02-24 11:36:50 | INFO     | TriggerManager inicializado como Singleton.
2026-02-24 11:36:50 | INFO     | Iniciando o Boot do Bot...
2026-02-24 11:36:51 | INFO     | StorageService: Conectado ao bucket 'dragon-bot-bucket'.
2026-02-24 11:36:51 | INFO     | Bot pronto! 1 triggers e 0 fallbacks ativos.
2026-02-24 11:36:55 | INFO     | Desligando recursos...
2026-02-24 11:36:55 | INFO     | Sistema de Logging configurado com sucesso.
2026-02-24 11:36:55 | INFO     | TriggerManager inicializado como Singleton.
2026-02-24 11:36:56 | INFO     | Iniciando o Boot do Bot...
2026-02-24 11:36:56 | INFO     | StorageService: Conectado ao bucket 'dragon-bot-bucket'.
2026-02-24 11:36:56 | INFO     | Bot pronto! 1 triggers e 0 fallbacks ativos.
2026-02-24 11:36:56 | INFO     | Desligando recursos...
2026-02-24 11:36:57 | INFO     | Sistema de Logging configurado com sucesso.
2026-02-24 11:36:57 | INFO     | TriggerManager inicializado como Singleton.
2026-02-24 11:36:57 | INFO     | Iniciando o Boot do Bot...
2026-02-24 11:36:57 | INFO     | StorageService: Conectado ao bucket 'dragon-bot-bucket'.
2026-02-24 11:36:57 | INFO     | Bot pronto! 1 triggers e 0 fallbacks ativos.
2026-02-24 11:37:03 | INFO     | Desligando recursos...
2026-02-24 11:37:04 | INFO     | Sistema de Logging configurado com sucesso.
2026-02-24 11:37:04 | INFO     | TriggerManager inicializado como Singleton.
2026-02-24 11:37:04 | INFO     | Iniciando o Boot do Bot...
2026-02-24 11:37:05 | INFO     | StorageService: Conectado ao bucket 'dragon-bot-bucket'.
2026-02-24 11:37:05 | INFO     | Bot pronto! 1 triggers e 0 fallbacks ativos.
2026-02-24 11:37:08 | INFO     | Desligando recursos...
2026-02-24 11:37:09 | INFO     | Sistema de Logging configurado com sucesso.
2026-02-24 11:37:09 | INFO     | TriggerManager inicializado como Singleton.
2026-02-24 11:37:09 | INFO     | Iniciando o Boot do Bot...
2026-02-24 11:37:10 | INFO     | StorageService: Conectado ao bucket 'dragon-bot-bucket'.
2026-02-24 11:37:10 | INFO     | Bot pronto! 1 triggers e 0 fallbacks ativos.
2026-02-24 11:37:21 | INFO     | Desligando recursos...
2026-02-24 11:37:22 | INFO     | Sistema de Logging configurado com sucesso.
2026-02-24 11:37:22 | INFO     | TriggerManager inicializado como Singleton.
2026-02-24 11:37:22 | INFO     | Iniciando o Boot do Bot...
2026-02-24 11:37:23 | INFO     | StorageService: Conectado ao bucket 'dragon-bot-bucket'.
2026-02-24 11:37:23 | INFO     | Bot pronto! 1 triggers e 0 fallbacks ativos.
2026-02-24 11:37:23 | INFO     | Desligando recursos...
2026-02-24 11:37:24 | INFO     | Sistema de Logging configurado com sucesso.
2026-02-24 11:37:24 | INFO     | TriggerManager inicializado como Singleton.
2026-02-24 11:37:24 | INFO     | Iniciando o Boot do Bot...
2026-02-24 11:37:25 | INFO     | StorageService: Conectado ao bucket 'dragon-bot-bucket'.
2026-02-24 11:37:25 | INFO     | Bot pronto! 1 triggers e 0 fallbacks ativos.
2026-02-24 11:37:41 | INFO     | Desligando recursos...
2026-02-24 11:37:42 | INFO     | Sistema de Logging configurado com sucesso.
2026-02-24 11:37:42 | INFO     | TriggerManager inicializado como Singleton.
2026-02-24 11:37:42 | INFO     | Iniciando o Boot do Bot...
2026-02-24 11:37:43 | INFO     | StorageService: Conectado ao bucket 'dragon-bot-bucket'.
2026-02-24 11:37:43 | INFO     | Bot pronto! 1 triggers e 0 fallbacks ativos.
2026-02-24 11:37:44 | INFO     | Desligando recursos...
2026-02-24 11:37:45 | INFO     | Sistema de Logging configurado com sucesso.
2026-02-24 11:37:45 | INFO     | TriggerManager inicializado como Singleton.
2026-02-24 11:37:45 | INFO     | Iniciando o Boot do Bot...
2026-02-24 11:37:46 | INFO     | StorageService: Conectado ao bucket 'dragon-bot-bucket'.
2026-02-24 11:37:46 | INFO     | Bot pronto! 1 triggers e 0 fallbacks ativos.
2026-02-24 11:38:55 | INFO     | Desligando recursos...
2026-02-24 11:38:56 | INFO     | Sistema de Logging configurado com sucesso.
2026-02-24 11:38:56 | INFO     | TriggerManager inicializado como Singleton.
2026-02-24 11:38:56 | INFO     | Iniciando o Boot do Bot...
2026-02-24 11:38:57 | INFO     | StorageService: Conectado ao bucket 'dragon-bot-bucket'.
2026-02-24 11:38:57 | INFO     | Bot pronto! 1 triggers e 0 fallbacks ativos.
2026-02-24 11:39:40 | INFO     | Desligando recursos...
2026-02-24 11:39:41 | INFO     | Sistema de Logging configurado com sucesso.
2026-02-24 11:41:16 | INFO     | Sistema de Logging configurado com sucesso.
2026-02-24 11:41:23 | INFO     | Sistema de Logging configurado com sucesso.
2026-02-24 11:41:24 | INFO     | TriggerManager inicializado como Singleton.
2026-02-24 11:41:24 | INFO     | Iniciando o Boot do Bot...
2026-02-24 11:41:24 | INFO     | StorageService: Conectado ao bucket 'dragon-bot-bucket'.
2026-02-24 11:41:24 | INFO     | Desligando recursos...
2026-02-24 11:41:25 | INFO     | Sistema de Logging configurado com sucesso.
2026-02-24 11:41:26 | INFO     | TriggerManager inicializado como Singleton.
2026-02-24 11:41:26 | INFO     | Iniciando o Boot do Bot...
2026-02-24 11:41:26 | INFO     | StorageService: Conectado ao bucket 'dragon-bot-bucket'.
2026-02-24 11:41:26 | INFO     | Desligando recursos...
2026-02-24 11:41:38 | INFO     | Sistema de Logging configurado com sucesso.
2026-02-24 11:41:39 | INFO     | TriggerManager inicializado como Singleton.
2026-02-24 11:41:39 | INFO     | Iniciando o Boot do Bot...
2026-02-24 11:41:39 | INFO     | StorageService: Conectado ao bucket 'dragon-bot-bucket'.
2026-02-24 11:41:39 | INFO     | Desligando recursos...
2026-02-24 11:42:01 | INFO     | Sistema de Logging configurado com sucesso.
2026-02-24 11:42:01 | INFO     | TriggerManager inicializado como Singleton.
2026-02-24 11:42:02 | INFO     | Iniciando o Boot do Bot...
2026-02-24 11:42:02 | INFO     | StorageService: Conectado ao bucket 'dragon-bot-bucket'.
2026-02-24 11:42:02 | INFO     | Desligando recursos...
2026-02-24 11:42:58 | INFO     | Sistema de Logging configurado com sucesso.
2026-02-24 11:42:58 | INFO     | TriggerManager inicializado como Singleton.
2026-02-24 11:42:59 | INFO     | Iniciando o Boot do Bot...
2026-02-24 11:42:59 | INFO     | StorageService: Conectado ao bucket 'dragon-bot-bucket'.
2026-02-24 11:42:59 | INFO     | Bot pronto! 1 triggers e 0 fallbacks ativos.
2026-02-24 11:42:59 | INFO     | Desligando recursos...
2026-02-24 11:43:00 | INFO     | Sistema de Logging configurado com sucesso.
2026-02-24 11:43:00 | INFO     | TriggerManager inicializado como Singleton.
2026-02-24 11:43:00 | INFO     | Iniciando o Boot do Bot...
2026-02-24 11:43:01 | INFO     | StorageService: Conectado ao bucket 'dragon-bot-bucket'.
2026-02-24 11:43:01 | INFO     | Bot pronto! 1 triggers e 0 fallbacks ativos.
2026-02-24 11:43:23 | INFO     | Desligando recursos...
2026-02-24 11:43:23 | INFO     | Sistema de Logging configurado com sucesso.
2026-02-24 11:43:24 | INFO     | TriggerManager inicializado como Singleton.
2026-02-24 11:43:24 | INFO     | Iniciando o Boot do Bot...
2026-02-24 11:43:24 | INFO     | StorageService: Conectado ao bucket 'dragon-bot-bucket'.
2026-02-24 11:43:24 | INFO     | Bot pronto! 1 triggers e 0 fallbacks ativos.
2026-02-24 11:43:32 | INFO     | Desligando recursos...
2026-02-24 11:43:33 | INFO     | Sistema de Logging configurado com sucesso.
2026-02-24 11:43:33 | INFO     | TriggerManager inicializado como Singleton.
2026-02-24 11:43:33 | INFO     | Iniciando o Boot do Bot...
2026-02-24 11:43:34 | INFO     | StorageService: Conectado ao bucket 'dragon-bot-bucket'.
2026-02-24 11:43:34 | INFO     | Bot pronto! 1 triggers e 0 fallbacks ativos.
2026-02-24 11:47:53 | INFO     | Desligando recursos...
2026-02-24 11:47:53 | INFO     | Sistema de Logging configurado com sucesso.
2026-02-24 11:47:54 | INFO     | TriggerManager inicializado como Singleton.
2026-02-24 11:47:54 | INFO     | Iniciando o Boot do Bot...
2026-02-24 11:47:54 | INFO     | StorageService: Conectado ao bucket 'dragon-bot-bucket'.
2026-02-24 11:47:54 | INFO     | Bot pronto! 1 triggers e 0 fallbacks ativos.
2026-02-24 11:47:55 | INFO     | Desligando recursos...
2026-02-24 11:47:55 | INFO     | Sistema de Logging configurado com sucesso.
2026-02-24 11:47:56 | INFO     | TriggerManager inicializado como Singleton.
2026-02-24 11:47:56 | INFO     | Iniciando o Boot do Bot...
2026-02-24 11:47:56 | INFO     | StorageService: Conectado ao bucket 'dragon-bot-bucket'.
2026-02-24 11:47:56 | INFO     | Bot pronto! 1 triggers e 0 fallbacks ativos.
2026-02-24 11:48:02 | INFO     | Desligando recursos...
2026-02-24 11:48:02 | INFO     | Sistema de Logging configurado com sucesso.
2026-02-24 11:48:03 | INFO     | TriggerManager inicializado como Singleton.
2026-02-24 11:48:03 | INFO     | Iniciando o Boot do Bot...
2026-02-24 11:48:03 | INFO     | StorageService: Conectado ao bucket 'dragon-bot-bucket'.
2026-02-24 11:48:03 | INFO     | Bot pronto! 1 triggers e 0 fallbacks ativos.
2026-02-24 11:48:31 | INFO     | Desligando recursos...
2026-02-24 11:48:31 | INFO     | Sistema de Logging configurado com sucesso.
2026-02-24 11:48:35 | INFO     | Sistema de Logging configurado com sucesso.
2026-02-24 11:48:47 | INFO     | Sistema de Logging configurado com sucesso.
2026-02-24 11:49:13 | INFO     | Sistema de Logging configurado com sucesso.
2026-02-24 11:49:22 | INFO     | Sistema de Logging configurado com sucesso.
2026-02-24 11:49:23 | INFO     | TriggerManager inicializado como Singleton.
2026-02-24 11:49:23 | INFO     | Iniciando o Boot do Bot...
2026-02-24 11:49:23 | INFO     | StorageService: Conectado ao bucket 'dragon-bot-bucket'.
2026-02-24 11:49:23 | INFO     | Bot pronto! 1 triggers e 0 fallbacks ativos.
2026-02-24 11:49:24 | INFO     | Desligando recursos...
2026-02-24 11:51:18 | INFO     | Sistema de Logging configurado com sucesso.
2026-02-24 11:51:18 | INFO     | TriggerManager inicializado como Singleton.
2026-02-24 11:51:19 | INFO     | Iniciando o Boot do Bot...
2026-02-24 11:51:19 | INFO     | StorageService: Conectado ao bucket 'dragon-bot-bucket'.
2026-02-24 11:51:19 | INFO     | Bot pronto! 1 triggers e 0 fallbacks ativos.
2026-02-24 12:17:00 | INFO     | Desligando recursos...
2026-02-24 12:17:01 | INFO     | Sistema de Logging configurado com sucesso.
2026-02-24 12:17:02 | INFO     | TriggerManager inicializado como Singleton.
2026-02-24 12:17:02 | INFO     | Iniciando o Boot do Bot...
2026-02-24 12:17:03 | INFO     | StorageService: Conectado ao bucket 'dragon-bot-bucket'.
2026-02-24 12:17:03 | INFO     | Bot pronto! 1 triggers e 0 fallbacks ativos.
2026-02-24 12:23:02 | INFO     | Desligando recursos...
2026-02-24 12:23:02 | INFO     | Sistema de Logging configurado com sucesso.
2026-02-24 12:23:03 | INFO     | TriggerManager inicializado como Singleton.
2026-02-24 12:23:03 | INFO     | Iniciando o Boot do Bot...
2026-02-24 12:23:03 | INFO     | StorageService: Conectado ao bucket 'dragon-bot-bucket'.
2026-02-24 12:23:03 | INFO     | Bot pronto! 1 triggers e 0 fallbacks ativos.
2026-02-24 12:23:17 | INFO     | Desligando recursos...
2026-02-24 12:23:18 | INFO     | Sistema de Logging configurado com sucesso.
2026-02-24 12:23:18 | INFO     | TriggerManager inicializado como Singleton.
2026-02-24 12:23:18 | INFO     | Iniciando o Boot do Bot...
2026-02-24 12:23:19 | INFO     | StorageService: Conectado ao bucket 'dragon-bot-bucket'.
2026-02-24 12:23:19 | INFO     | Bot pronto! 1 triggers e 0 fallbacks ativos.
2026-02-24 12:23:49 | INFO     | Desligando recursos...
2026-02-24 12:23:49 | INFO     | Sistema de Logging configurado com sucesso.
2026-02-24 12:23:50 | INFO     | TriggerManager inicializado como Singleton.
2026-02-24 12:23:50 | INFO     | Iniciando o Boot do Bot...
2026-02-24 12:23:50 | INFO     | StorageService: Conectado ao bucket 'dragon-bot-bucket'.
2026-02-24 12:23:50 | INFO     | Bot pronto! 1 triggers e 0 fallbacks ativos.
2026-02-24 12:23:54 | INFO     | Desligando recursos...
2026-02-24 12:23:54 | INFO     | Sistema de Logging configurado com sucesso.
2026-02-24 12:23:54 | INFO     | TriggerManager inicializado como Singleton.
2026-02-24 12:23:55 | INFO     | Iniciando o Boot do Bot...
2026-02-24 12:23:55 | INFO     | StorageService: Conectado ao bucket 'dragon-bot-bucket'.
2026-02-24 12:23:55 | INFO     | Bot pronto! 1 triggers e 0 fallbacks ativos.
2026-02-24 12:29:10 | INFO     | Desligando recursos...
2026-02-24 12:29:10 | INFO     | Sistema de Logging configurado com sucesso.
2026-02-24 12:29:11 | INFO     | TriggerManager inicializado como Singleton.
2026-02-24 12:29:11 | INFO     | Iniciando o Boot do Bot...
2026-02-24 12:29:11 | INFO     | StorageService: Conectado ao bucket 'dragon-bot-bucket'.
2026-02-24 12:29:11 | INFO     | Bot pronto! 1 triggers e 0 fallbacks ativos.
2026-02-24 12:29:13 | INFO     | Desligando recursos...
2026-02-24 12:29:13 | INFO     | Sistema de Logging configurado com sucesso.
2026-02-24 12:29:14 | INFO     | TriggerManager inicializado como Singleton.
2026-02-24 12:29:14 | INFO     | Iniciando o Boot do Bot...
2026-02-24 12:29:14 | INFO     | StorageService: Conectado ao bucket 'dragon-bot-bucket'.
2026-02-24 12:29:14 | INFO     | Bot pronto! 1 triggers e 0 fallbacks ativos.
2026-02-24 12:29:59 | INFO     | Desligando recursos...
2026-02-24 12:30:00 | INFO     | Sistema de Logging configurado com sucesso.
2026-02-24 12:30:00 | INFO     | TriggerManager inicializado como Singleton.
2026-02-24 12:30:00 | INFO     | Iniciando o Boot do Bot...
2026-02-24 12:30:01 | INFO     | StorageService: Conectado ao bucket 'dragon-bot-bucket'.
2026-02-24 12:30:01 | INFO     | Bot pronto! 1 triggers e 0 fallbacks ativos.
2026-02-24 12:30:01 | INFO     | Desligando recursos...
2026-02-24 12:30:01 | INFO     | Sistema de Logging configurado com sucesso.
2026-02-24 12:30:02 | INFO     | TriggerManager inicializado como Singleton.
2026-02-24 12:30:02 | INFO     | Iniciando o Boot do Bot...
2026-02-24 12:30:02 | INFO     | StorageService: Conectado ao bucket 'dragon-bot-bucket'.
2026-02-24 12:30:02 | INFO     | Bot pronto! 1 triggers e 0 fallbacks ativos.
2026-02-24 12:34:33 | INFO     | Desligando recursos...
2026-02-24 12:34:34 | INFO     | Sistema de Logging configurado com sucesso.
2026-02-24 12:34:34 | INFO     | TriggerManager inicializado como Singleton.
2026-02-24 12:34:34 | INFO     | Iniciando o Boot do Bot...
2026-02-24 12:34:35 | INFO     | StorageService: Conectado ao bucket 'dragon-bot-bucket'.
2026-02-24 12:34:35 | INFO     | Bot pronto! 1 triggers e 0 fallbacks ativos.
2026-02-24 12:41:35 | INFO     | Desligando recursos...
2026-02-24 12:41:35 | INFO     | Sistema de Logging configurado com sucesso.
2026-02-24 12:41:36 | INFO     | TriggerManager inicializado como Singleton.
2026-02-24 12:41:36 | INFO     | Iniciando o Boot do Bot...
2026-02-24 12:41:36 | INFO     | StorageService: Conectado ao bucket 'dragon-bot-bucket'.
2026-02-24 12:41:36 | INFO     | Bot pronto! 1 triggers e 0 fallbacks ativos.
2026-02-24 12:49:32 | INFO     | Desligando recursos...
2026-02-24 12:49:32 | INFO     | Sistema de Logging configurado com sucesso.
2026-02-24 12:49:33 | INFO     | TriggerManager inicializado como Singleton.
2026-02-24 12:49:33 | INFO     | Iniciando o Boot do Bot...
2026-02-24 12:49:34 | INFO     | StorageService: Conectado ao bucket 'dragon-bot-bucket'.
2026-02-24 12:49:34 | INFO     | Bot pronto! 1 triggers e 0 fallbacks ativos.
2026-02-24 12:53:40 | INFO     | Desligando recursos...
2026-02-24 12:53:41 | INFO     | Sistema de Logging configurado com sucesso.
2026-02-24 12:53:41 | INFO     | TriggerManager inicializado como Singleton.
2026-02-24 12:53:42 | INFO     | Iniciando o Boot do Bot...
2026-02-24 12:53:42 | INFO     | StorageService: Conectado ao bucket 'dragon-bot-bucket'.
2026-02-24 12:53:42 | INFO     | Bot pronto! 1 triggers e 0 fallbacks ativos.
2026-02-24 13:00:20 | INFO     | Desligando recursos...
2026-02-24 13:00:21 | INFO     | Sistema de Logging configurado com sucesso.
2026-02-24 13:00:21 | INFO     | TriggerManager inicializado como Singleton.
2026-02-24 13:00:21 | INFO     | Iniciando o Boot do Bot...
2026-02-24 13:00:22 | INFO     | StorageService: Conectado ao bucket 'dragon-bot-bucket'.
2026-02-24 13:00:22 | INFO     | Bot pronto! 1 triggers e 0 fallbacks ativos.
2026-02-24 13:00:40 | INFO     | Desligando recursos...
2026-02-24 13:00:41 | INFO     | Sistema de Logging configurado com sucesso.
2026-02-24 13:00:41 | INFO     | TriggerManager inicializado como Singleton.
2026-02-24 13:00:42 | INFO     | Iniciando o Boot do Bot...
2026-02-24 13:00:42 | INFO     | StorageService: Conectado ao bucket 'dragon-bot-bucket'.
2026-02-24 13:00:42 | INFO     | Bot pronto! 1 triggers e 0 fallbacks ativos.
2026-02-24 13:01:22 | INFO     | Desligando recursos...
2026-02-24 13:01:22 | INFO     | Sistema de Logging configurado com sucesso.
2026-02-24 13:01:23 | INFO     | TriggerManager inicializado como Singleton.
2026-02-24 13:01:23 | INFO     | Iniciando o Boot do Bot...
2026-02-24 13:01:23 | INFO     | StorageService: Conectado ao bucket 'dragon-bot-bucket'.
2026-02-24 13:01:23 | INFO     | Bot pronto! 1 triggers e 0 fallbacks ativos.
2026-02-24 13:01:52 | INFO     | Desligando recursos...
2026-02-24 13:01:52 | INFO     | Sistema de Logging configurado com sucesso.
2026-02-24 13:01:52 | INFO     | TriggerManager inicializado como Singleton.
2026-02-24 13:01:53 | INFO     | Iniciando o Boot do Bot...
2026-02-24 13:01:53 | INFO     | StorageService: Conectado ao bucket 'dragon-bot-bucket'.
2026-02-24 13:01:53 | INFO     | Bot pronto! 1 triggers e 0 fallbacks ativos.
2026-02-24 13:02:22 | INFO     | Desligando recursos...
2026-02-24 13:02:23 | INFO     | Sistema de Logging configurado com sucesso.
2026-02-24 13:02:23 | INFO     | TriggerManager inicializado como Singleton.
2026-02-24 13:02:24 | INFO     | Iniciando o Boot do Bot...
2026-02-24 13:02:24 | INFO     | StorageService: Conectado ao bucket 'dragon-bot-bucket'.
2026-02-24 13:02:24 | INFO     | Bot pronto! 1 triggers e 0 fallbacks ativos.
2026-02-24 15:03:42 | INFO     | Desligando recursos...
2026-02-24 15:03:43 | INFO     | Sistema de Logging configurado com sucesso.
2026-02-24 15:03:43 | INFO     | TriggerManager inicializado como Singleton.
2026-02-24 15:04:03 | INFO     | Sistema de Logging configurado com sucesso.
2026-02-24 15:04:04 | INFO     | TriggerManager inicializado como Singleton.
2026-02-24 15:04:14 | INFO     | Sistema de Logging configurado com sucesso.
2026-02-24 15:04:14 | INFO     | TriggerManager inicializado como Singleton.
2026-02-24 15:05:39 | INFO     | Sistema de Logging configurado com sucesso.
2026-02-24 15:05:39 | INFO     | TriggerManager inicializado como Singleton.
2026-02-24 15:05:56 | INFO     | Sistema de Logging configurado com sucesso.
2026-02-24 15:05:57 | INFO     | TriggerManager inicializado como Singleton.
2026-02-24 15:07:09 | INFO     | Sistema de Logging configurado com sucesso.
2026-02-24 15:07:10 | INFO     | TriggerManager inicializado como Singleton.
2026-02-24 15:07:10 | INFO     | Iniciando o Boot do Bot...
2026-02-24 15:07:11 | INFO     | StorageService: Conectado ao bucket 'dragon-bot-bucket'.
2026-02-24 15:07:11 | INFO     | Bot pronto! 1 triggers e 0 fallbacks ativos.
2026-02-24 16:51:13 | INFO     | Desligando recursos...
2026-02-24 16:51:15 | INFO     | Sistema de Logging configurado com sucesso.
2026-02-24 16:51:16 | INFO     | TriggerManager inicializado como Singleton.
2026-02-24 16:51:16 | INFO     | Iniciando o Boot do Bot...
2026-02-24 16:51:17 | INFO     | StorageService: Conectado ao bucket 'dragon-bot-bucket'.
2026-02-24 16:51:17 | INFO     | Bot pronto! 1 triggers e 0 fallbacks ativos.
2026-02-24 16:51:38 | INFO     | Desligando recursos...
2026-02-24 16:51:39 | INFO     | Sistema de Logging configurado com sucesso.
2026-02-24 16:51:39 | INFO     | TriggerManager inicializado como Singleton.
2026-02-24 16:51:39 | INFO     | Iniciando o Boot do Bot...
2026-02-24 16:51:40 | INFO     | StorageService: Conectado ao bucket 'dragon-bot-bucket'.
2026-02-24 16:51:40 | INFO     | Bot pronto! 1 triggers e 0 fallbacks ativos.
2026-02-24 16:54:03 | INFO     | Desligando recursos...
2026-02-24 16:54:03 | INFO     | Sistema de Logging configurado com sucesso.
2026-02-24 16:54:04 | INFO     | TriggerManager inicializado como Singleton.
2026-02-24 16:54:04 | INFO     | Iniciando o Boot do Bot...
2026-02-24 16:54:04 | INFO     | StorageService: Conectado ao bucket 'dragon-bot-bucket'.
2026-02-24 16:54:04 | INFO     | Bot pronto! 1 triggers e 0 fallbacks ativos.
2026-02-24 16:54:13 | INFO     | Desligando recursos...
2026-02-24 16:54:14 | INFO     | Sistema de Logging configurado com sucesso.
2026-02-24 16:54:14 | INFO     | TriggerManager inicializado como Singleton.
2026-02-24 16:54:14 | INFO     | Iniciando o Boot do Bot...
2026-02-24 16:54:15 | INFO     | StorageService: Conectado ao bucket 'dragon-bot-bucket'.
2026-02-24 16:54:15 | INFO     | Bot pronto! 1 triggers e 0 fallbacks ativos.
2026-02-24 16:54:47 | INFO     | Desligando recursos...
2026-02-24 16:54:47 | INFO     | Sistema de Logging configurado com sucesso.
2026-02-24 16:54:47 | INFO     | TriggerManager inicializado como Singleton.
2026-02-24 16:54:48 | INFO     | Iniciando o Boot do Bot...
2026-02-24 16:54:48 | INFO     | StorageService: Conectado ao bucket 'dragon-bot-bucket'.
2026-02-24 16:54:48 | INFO     | Bot pronto! 1 triggers e 0 fallbacks ativos.
2026-02-24 16:54:50 | INFO     | Desligando recursos...
2026-02-24 16:54:51 | INFO     | Sistema de Logging configurado com sucesso.
2026-02-24 16:54:51 | INFO     | TriggerManager inicializado como Singleton.
2026-02-24 16:54:51 | INFO     | Iniciando o Boot do Bot...
2026-02-24 16:54:51 | INFO     | StorageService: Conectado ao bucket 'dragon-bot-bucket'.
2026-02-24 16:54:51 | INFO     | Bot pronto! 1 triggers e 0 fallbacks ativos.
2026-02-24 16:55:19 | INFO     | Desligando recursos...
2026-02-24 16:55:20 | INFO     | Sistema de Logging configurado com sucesso.
2026-02-24 16:55:20 | INFO     | TriggerManager inicializado como Singleton.
2026-02-24 16:55:20 | INFO     | Iniciando o Boot do Bot...
2026-02-24 16:55:21 | INFO     | StorageService: Conectado ao bucket 'dragon-bot-bucket'.
2026-02-24 16:55:21 | INFO     | Bot pronto! 1 triggers e 0 fallbacks ativos.
2026-02-24 16:55:33 | INFO     | Desligando recursos...
2026-02-24 16:55:34 | INFO     | Sistema de Logging configurado com sucesso.
2026-02-24 16:55:34 | INFO     | TriggerManager inicializado como Singleton.
2026-02-24 16:55:35 | INFO     | Iniciando o Boot do Bot...
2026-02-24 16:55:35 | INFO     | StorageService: Conectado ao bucket 'dragon-bot-bucket'.
2026-02-24 16:55:35 | INFO     | Bot pronto! 1 triggers e 0 fallbacks ativos.
2026-02-24 16:55:36 | INFO     | Desligando recursos...
2026-02-24 16:55:37 | INFO     | Sistema de Logging configurado com sucesso.
2026-02-24 16:55:37 | INFO     | TriggerManager inicializado como Singleton.
2026-02-24 16:55:38 | INFO     | Iniciando o Boot do Bot...
2026-02-24 16:55:38 | INFO     | StorageService: Conectado ao bucket 'dragon-bot-bucket'.
2026-02-24 16:55:38 | INFO     | Bot pronto! 1 triggers e 0 fallbacks ativos.
2026-02-24 16:57:29 | INFO     | Desligando recursos...
2026-02-24 16:57:29 | INFO     | Sistema de Logging configurado com sucesso.
2026-02-24 16:57:30 | INFO     | TriggerManager inicializado como Singleton.
2026-02-24 16:57:30 | INFO     | Iniciando o Boot do Bot...
2026-02-24 16:57:30 | INFO     | StorageService: Conectado ao bucket 'dragon-bot-bucket'.
2026-02-24 16:57:30 | INFO     | Bot pronto! 1 triggers e 0 fallbacks ativos.
2026-02-24 17:00:14 | INFO     | Desligando recursos...
2026-02-24 17:00:14 | INFO     | Sistema de Logging configurado com sucesso.
2026-02-24 17:00:15 | INFO     | TriggerManager inicializado como Singleton.
2026-02-24 17:00:15 | INFO     | Iniciando o Boot do Bot...
2026-02-24 17:00:15 | INFO     | StorageService: Conectado ao bucket 'dragon-bot-bucket'.
2026-02-24 17:00:15 | INFO     | Bot pronto! 2 triggers e 0 fallbacks ativos.
2026-02-24 17:14:24 | INFO     | Desligando recursos...
2026-02-24 17:14:24 | INFO     | Sistema de Logging configurado com sucesso.
2026-02-24 17:14:25 | INFO     | TriggerManager inicializado como Singleton.
2026-02-24 17:14:26 | INFO     | Sistema de Logging configurado com sucesso.
2026-02-24 17:14:27 | INFO     | TriggerManager inicializado como Singleton.
2026-02-24 17:14:27 | INFO     | Iniciando o Boot do Bot...
2026-02-24 17:14:27 | INFO     | StorageService: Conectado ao bucket 'dragon-bot-bucket'.
2026-02-24 17:14:27 | INFO     | Bot pronto! 2 triggers e 0 fallbacks ativos.
2026-02-24 17:17:52 | INFO     | Desligando recursos...
2026-02-24 17:17:52 | INFO     | Sistema de Logging configurado com sucesso.
2026-02-24 17:17:53 | INFO     | TriggerManager inicializado como Singleton.
2026-02-24 17:17:57 | INFO     | Sistema de Logging configurado com sucesso.
2026-02-24 17:17:58 | INFO     | TriggerManager inicializado como Singleton.
2026-02-24 17:17:58 | INFO     | Iniciando o Boot do Bot...
2026-02-24 17:17:58 | INFO     | StorageService: Conectado ao bucket 'dragon-bot-bucket'.
2026-02-24 17:17:58 | INFO     | Bot pronto! 2 triggers e 0 fallbacks ativos.
2026-02-24 17:17:58 | INFO     | Desligando recursos...
2026-02-24 17:17:59 | INFO     | Sistema de Logging configurado com sucesso.
2026-02-24 17:17:59 | INFO     | TriggerManager inicializado como Singleton.
2026-02-24 17:18:00 | INFO     | Iniciando o Boot do Bot...
2026-02-24 17:18:00 | INFO     | StorageService: Conectado ao bucket 'dragon-bot-bucket'.
2026-02-24 17:18:00 | INFO     | Bot pronto! 2 triggers e 0 fallbacks ativos.
2026-02-24 17:18:07 | INFO     | Desligando recursos...
2026-02-24 17:18:08 | INFO     | Sistema de Logging configurado com sucesso.
2026-02-24 17:18:08 | INFO     | TriggerManager inicializado como Singleton.
2026-02-24 17:18:08 | INFO     | Iniciando o Boot do Bot...
2026-02-24 17:18:09 | INFO     | StorageService: Conectado ao bucket 'dragon-bot-bucket'.
2026-02-24 17:18:09 | INFO     | Bot pronto! 2 triggers e 0 fallbacks ativos.
2026-02-24 17:19:37 | INFO     | Desligando recursos...
2026-02-24 17:19:38 | INFO     | Sistema de Logging configurado com sucesso.
2026-02-24 17:19:39 | INFO     | TriggerManager inicializado como Singleton.
2026-02-24 17:19:39 | INFO     | Iniciando o Boot do Bot...
2026-02-24 17:19:39 | INFO     | StorageService: Conectado ao bucket 'dragon-bot-bucket'.
2026-02-24 17:19:39 | INFO     | Bot pronto! 2 triggers e 0 fallbacks ativos.
2026-02-24 17:19:47 | INFO     | Desligando recursos...
2026-02-24 17:19:48 | INFO     | Sistema de Logging configurado com sucesso.
2026-02-24 17:19:48 | INFO     | TriggerManager inicializado como Singleton.
2026-02-24 17:19:48 | INFO     | Iniciando o Boot do Bot...
2026-02-24 17:19:49 | INFO     | StorageService: Conectado ao bucket 'dragon-bot-bucket'.
2026-02-24 17:19:49 | INFO     | Bot pronto! 2 triggers e 0 fallbacks ativos.
2026-02-24 21:34:48 | INFO     | Sistema de Logging configurado com sucesso.
2026-02-24 21:34:49 | INFO     | TriggerManager inicializado como Singleton.
2026-02-24 21:34:49 | INFO     | Iniciando o Boot do Bot...
2026-02-24 21:34:50 | INFO     | StorageService: Conectado ao bucket 'dragon-bot-bucket'.
2026-02-24 21:34:50 | INFO     | Bot pronto! 2 triggers e 0 fallbacks ativos.
2026-02-24 21:59:18 | INFO     | Desligando recursos...
2026-02-24 21:59:19 | INFO     | Sistema de Logging configurado com sucesso.
2026-02-24 21:59:20 | INFO     | TriggerManager inicializado como Singleton.
2026-02-24 21:59:21 | INFO     | Iniciando o Boot do Bot...
2026-02-24 21:59:21 | INFO     | StorageService: Conectado ao bucket 'dragon-bot-bucket'.
2026-02-24 21:59:21 | INFO     | Bot pronto! 1 triggers e 0 fallbacks ativos.
2026-02-24 22:04:04 | INFO     | Desligando recursos...
2026-02-24 22:04:06 | INFO     | Sistema de Logging configurado com sucesso.
2026-02-24 22:04:07 | INFO     | TriggerManager inicializado como Singleton.
2026-02-24 22:04:08 | INFO     | Iniciando o Boot do Bot...
2026-02-24 22:04:09 | INFO     | StorageService: Conectado ao bucket 'dragon-bot-bucket'.
2026-02-24 22:04:09 | INFO     | Bot pronto! 1 triggers e 0 fallbacks ativos.
2026-02-24 22:27:31 | INFO     | Desligando recursos...
2026-02-24 22:27:32 | INFO     | Sistema de Logging configurado com sucesso.
2026-02-24 22:27:32 | INFO     | TriggerManager inicializado como Singleton.
2026-02-24 22:27:32 | INFO     | Iniciando o Boot do Bot...
2026-02-24 22:27:33 | INFO     | StorageService: Conectado ao bucket 'dragon-bot-bucket'.
2026-02-24 22:27:33 | INFO     | Bot pronto! 1 triggers e 0 fallbacks ativos.
2026-02-24 22:28:03 | INFO     | Desligando recursos...
2026-02-24 22:28:04 | INFO     | Sistema de Logging configurado com sucesso.
2026-02-24 22:28:04 | INFO     | TriggerManager inicializado como Singleton.
2026-02-24 22:28:04 | INFO     | Iniciando o Boot do Bot...
2026-02-24 22:28:05 | INFO     | StorageService: Conectado ao bucket 'dragon-bot-bucket'.
2026-02-24 22:28:05 | INFO     | Bot pronto! 1 triggers e 0 fallbacks ativos.
2026-02-24 22:28:20 | INFO     | Desligando recursos...
2026-02-24 22:28:20 | INFO     | Sistema de Logging configurado com sucesso.
2026-02-24 22:28:21 | INFO     | TriggerManager inicializado como Singleton.
2026-02-24 22:28:21 | INFO     | Iniciando o Boot do Bot...
2026-02-24 22:28:21 | INFO     | StorageService: Conectado ao bucket 'dragon-bot-bucket'.
2026-02-24 22:28:21 | INFO     | Bot pronto! 1 triggers e 0 fallbacks ativos.
2026-02-24 22:28:39 | INFO     | Desligando recursos...
2026-02-24 22:28:40 | INFO     | Sistema de Logging configurado com sucesso.
2026-02-24 22:28:40 | INFO     | TriggerManager inicializado como Singleton.
2026-02-24 22:28:40 | INFO     | Iniciando o Boot do Bot...
2026-02-24 22:28:41 | INFO     | StorageService: Conectado ao bucket 'dragon-bot-bucket'.
2026-02-24 22:28:41 | INFO     | Bot pronto! 1 triggers e 0 fallbacks ativos.
2026-02-24 22:30:40 | INFO     | Sistema de Logging configurado com sucesso.
2026-02-24 22:30:41 | INFO     | TriggerManager inicializado como Singleton.
2026-02-24 22:30:41 | INFO     | Iniciando o Boot do Bot...
2026-02-24 22:30:42 | INFO     | StorageService: Conectado ao bucket 'dragon-bot-bucket'.
2026-02-24 22:30:42 | INFO     | Bot pronto! 1 triggers e 0 fallbacks ativos.
2026-02-24 22:30:42 | INFO     | Desligando recursos...
2026-02-24 22:30:50 | INFO     | Sistema de Logging configurado com sucesso.
2026-02-24 22:30:51 | INFO     | TriggerManager inicializado como Singleton.
2026-02-24 22:30:51 | INFO     | Iniciando o Boot do Bot...
2026-02-24 22:30:51 | INFO     | StorageService: Conectado ao bucket 'dragon-bot-bucket'.
2026-02-24 22:30:51 | INFO     | Bot pronto! 1 triggers e 0 fallbacks ativos.
2026-02-24 22:34:13 | INFO     | Sistema de Logging configurado com sucesso.
2026-02-24 22:34:16 | INFO     | TriggerManager inicializado como Singleton.
2026-02-24 22:34:17 | INFO     | Iniciando o Boot do Bot...
2026-02-24 22:34:18 | INFO     | StorageService: Conectado ao bucket 'dragon-bot-bucket'.
2026-02-24 22:34:18 | INFO     | Bot pronto! 1 triggers e 0 fallbacks ativos.
2026-02-24 23:44:47 | INFO     | Desligando recursos...
2026-02-24 23:44:48 | INFO     | Sistema de Logging configurado com sucesso.
2026-02-24 23:44:50 | INFO     | TriggerManager inicializado como Singleton.
2026-02-24 23:44:50 | INFO     | Iniciando o Boot do Bot...
2026-02-24 23:44:51 | INFO     | StorageService: Conectado ao bucket 'dragon-bot-bucket'.
2026-02-24 23:44:51 | INFO     | Bot pronto! 1 triggers e 0 fallbacks ativos.
2026-02-24 23:44:52 | INFO     | Desligando recursos...
2026-02-24 23:44:52 | INFO     | Sistema de Logging configurado com sucesso.
2026-02-24 23:44:53 | INFO     | TriggerManager inicializado como Singleton.
2026-02-24 23:44:53 | INFO     | Iniciando o Boot do Bot...
2026-02-24 23:44:53 | INFO     | StorageService: Conectado ao bucket 'dragon-bot-bucket'.
2026-02-24 23:44:53 | INFO     | Bot pronto! 1 triggers e 0 fallbacks ativos.
2026-02-24 23:44:56 | INFO     | Desligando recursos...
2026-02-24 23:44:56 | INFO     | Sistema de Logging configurado com sucesso.
2026-02-24 23:44:57 | INFO     | TriggerManager inicializado como Singleton.
2026-02-24 23:44:57 | INFO     | Iniciando o Boot do Bot...
2026-02-24 23:44:57 | INFO     | StorageService: Conectado ao bucket 'dragon-bot-bucket'.
2026-02-24 23:44:57 | INFO     | Bot pronto! 1 triggers e 0 fallbacks ativos.
2026-02-24 23:48:32 | INFO     | Desligando recursos...
2026-02-24 23:48:33 | INFO     | Sistema de Logging configurado com sucesso.
2026-02-24 23:48:33 | INFO     | TriggerManager inicializado como Singleton.
2026-02-24 23:48:33 | INFO     | Iniciando o Boot do Bot...
2026-02-24 23:48:34 | INFO     | StorageService: Conectado ao bucket 'dragon-bot-bucket'.
2026-02-24 23:48:34 | INFO     | Bot pronto! 1 triggers e 0 fallbacks ativos.
2026-02-24 23:49:01 | INFO     | Desligando recursos...
2026-02-24 23:49:02 | INFO     | Sistema de Logging configurado com sucesso.
2026-02-24 23:49:02 | INFO     | TriggerManager inicializado como Singleton.
2026-02-24 23:49:02 | INFO     | Iniciando o Boot do Bot...
2026-02-24 23:49:03 | INFO     | StorageService: Conectado ao bucket 'dragon-bot-bucket'.
2026-02-24 23:49:03 | INFO     | Bot pronto! 1 triggers e 0 fallbacks ativos.
2026-02-24 23:49:27 | INFO     | Desligando recursos...
2026-02-24 23:49:27 | INFO     | Sistema de Logging configurado com sucesso.
2026-02-24 23:49:28 | INFO     | TriggerManager inicializado como Singleton.
2026-02-24 23:49:28 | INFO     | Iniciando o Boot do Bot...
2026-02-24 23:49:28 | INFO     | StorageService: Conectado ao bucket 'dragon-bot-bucket'.
2026-02-24 23:49:28 | INFO     | Bot pronto! 1 triggers e 0 fallbacks ativos.
2026-02-24 23:50:21 | INFO     | Desligando recursos...
2026-02-24 23:50:22 | INFO     | Sistema de Logging configurado com sucesso.
2026-02-24 23:50:22 | INFO     | TriggerManager inicializado como Singleton.
2026-02-24 23:50:23 | INFO     | Iniciando o Boot do Bot...
2026-02-24 23:50:23 | INFO     | StorageService: Conectado ao bucket 'dragon-bot-bucket'.
2026-02-24 23:50:23 | INFO     | Bot pronto! 1 triggers e 0 fallbacks ativos.
2026-02-24 23:55:23 | INFO     | Desligando recursos...
2026-02-24 23:55:24 | INFO     | Sistema de Logging configurado com sucesso.
2026-02-24 23:55:24 | INFO     | TriggerManager inicializado como Singleton.
2026-02-24 23:55:24 | INFO     | Iniciando o Boot do Bot...
2026-02-24 23:55:25 | INFO     | StorageService: Conectado ao bucket 'dragon-bot-bucket'.
2026-02-24 23:55:25 | INFO     | Bot pronto! 1 triggers e 0 fallbacks ativos.
2026-02-24 23:56:10 | INFO     | Desligando recursos...
2026-02-24 23:56:10 | INFO     | Sistema de Logging configurado com sucesso.
2026-02-24 23:56:11 | INFO     | TriggerManager inicializado como Singleton.
2026-02-24 23:56:11 | INFO     | Iniciando o Boot do Bot...
2026-02-24 23:56:11 | INFO     | StorageService: Conectado ao bucket 'dragon-bot-bucket'.
2026-02-24 23:56:11 | INFO     | Bot pronto! 1 triggers e 0 fallbacks ativos.
